#
# A fatal error has been detected by the Java Runtime Environment:
#
#  SIGSEGV (0xb) at pc=0x000000010484c594, pid=9247, tid=0x0000000000004a03
#
# JRE version: Java(TM) SE Runtime Environment (8.0_101-b13) (build 1.8.0_101-b13)
# Java VM: Java HotSpot(TM) 64-Bit Server VM (25.101-b13 mixed mode bsd-amd64 compressed oops)
# Problematic frame:
# V  [libjvm.dylib+0x44c594]  Method::checked_resolve_jmethod_id(_jmethodID*)+0xe
#
# Failed to write core dump. Core dumps have been disabled. To enable core dumping, try "ulimit -c unlimited" before starting Java again
#
# If you would like to submit a bug report, please visit:
#   http://bugreport.java.com/bugreport/crash.jsp
#

---------------  T H R E A D  ---------------

Current thread (0x00007faae4007000):  JavaThread "JDWP Transport Listener: dt_socket" daemon [_thread_in_vm, id=18947, stack(0x0000700000ec4000,0x0000700000fc4000)]

siginfo: si_signo: 11 (SIGSEGV), si_code: 0 (unknown), si_addr: 0x0000000000000000

Registers:
RAX=0x0000000000000001, RBX=0x0000700000fc3a8b, RCX=0x0000000104c1f360, RDX=0x0000700000fc3a8b
RSP=0x0000700000fc39d0, RBP=0x0000700000fc39e0, RSI=0x00007faae4007000, RDI=0x6e616c2f6176616a
R8 =0x0000000000000000, R9 =0x00007faae3d9dd30, R10=0x000000001f812ac4, R11=0x00007faae3d00000
R12=0x00007faae4007000, R13=0x6e616c2f6176616a, R14=0x6e616c2f6176616a, R15=0x00007faae3c01b20
RIP=0x000000010484c594, EFLAGS=0x0000000000010206, ERR=0x0000000000000000
  TRAPNO=0x000000000000000d

Top of Stack: (sp=0x0000700000fc39d0)
0x0000700000fc39d0:   0000700000fc3a8b 0000700000fc3a8b
0x0000700000fc39e0:   0000700000fc3a40 00000001047580d2
0x0000700000fc39f0:   00007faae4007000 0000000000000000
0x0000700000fc3a00:   0000000000000000 0000000000000000
0x0000700000fc3a10:   00007faae4007000 00007faae4007000
0x0000700000fc3a20:   0000700000fc3a8b 0000700000fc3a90
0x0000700000fc3a30:   6e616c2f6176616a 0000000000000009
0x0000700000fc3a40:   0000700000fc3a60 00000001053f2780
0x0000700000fc3a50:   0000000000000001 0000700000fc3b08
0x0000700000fc3a60:   0000700000fc3ad0 00000001053d71f3
0x0000700000fc3a70:   0000700000fc3aa0 00007faae3da19a0
0x0000700000fc3a80:   0000000a00000032 0000000800fc3b08
0x0000700000fc3a90:   0000000000000000 0000000000000000
0x0000700000fc3aa0:   0000000000000000 0000700000fc3c90
0x0000700000fc3ab0:   00000001053f9e7a 00007faae3c12680
0x0000700000fc3ac0:   0000700000fc3b08 0000000105405598
0x0000700000fc3ad0:   0000700000fc3ae0 00000001053d72ec
0x0000700000fc3ae0:   0000700000fc3d00 00000001053e0898
0x0000700000fc3af0:   001802da00000013 00000000000f0200
0x0000700000fc3b00:   00007faae3c222b0 00007faae3da1b77
0x0000700000fc3b10:   00007faa000000d1 00007faae3d6c0b0
0x0000700000fc3b20:   000000000000012c 0000700000fc3b58
0x0000700000fc3b30:   00007faae3d6c0b0 0000000000000000
0x0000700000fc3b40:   001802da0000000f 00007fff0000ec80
0x0000700000fc3b50:   0000700000fc3b58 aa7f00000a000000
0x0000700000fc3b60:   060000002094a0e5 00003e74696e693c
0x0000700000fc3b70:   0000005629280300 7f00000100000000
0x0000700000fc3b80:   0000003094a0e5aa 0000006e69616d04
0x0000700000fc3b90:   6176616a4c5b2816 74532f676e616c2f
0x0000700000fc3ba0:   0056293b676e6972 0009000000000000
0x0000700000fc3bb0:   007887f7e3aa7f00 64626d616c130000
0x0000700000fc3bc0:   506563696c732461 00003524617a7a69 

Instructions: (pc=0x000000010484c594)
0x000000010484c574:   40 48 48 85 c0 75 e0 30 c0 0f b6 c0 5d c3 31 c0
0x000000010484c584:   5d c3 55 48 89 e5 53 48 83 ec 08 48 85 ff 74 24
0x000000010484c594:   48 8b 1f 48 85 db 74 1c 48 83 fb 37 74 16 48 8b
0x000000010484c5a4:   03 48 89 df ff 50 10 84 c0 b8 00 00 00 00 48 0f 

Register to memory mapping:

RAX=0x0000000000000001 is an unknown value
RBX=0x0000700000fc3a8b is pointing into the stack for thread: 0x00007faae4007000
RCX=0x0000000104c1f360: UseMembar+0 in /Library/Java/JavaVirtualMachines/jdk1.8.0_101.jdk/Contents/Home/jre/lib/server/libjvm.dylib at 0x0000000104400000
RDX=0x0000700000fc3a8b is pointing into the stack for thread: 0x00007faae4007000
RSP=0x0000700000fc39d0 is pointing into the stack for thread: 0x00007faae4007000
RBP=0x0000700000fc39e0 is pointing into the stack for thread: 0x00007faae4007000
RSI=0x00007faae4007000 is a thread
RDI=0x6e616c2f6176616a is an unknown value
R8 =0x0000000000000000 is an unknown value
R9 =0x00007faae3d9dd30 is an unknown value
R10=0x000000001f812ac4 is an unknown value
R11=0x00007faae3d00000 is an unknown value
R12=0x00007faae4007000 is a thread
R13=0x6e616c2f6176616a is an unknown value
R14=0x6e616c2f6176616a is an unknown value
R15=0x00007faae3c01b20 is an unknown value


Stack: [0x0000700000ec4000,0x0000700000fc4000],  sp=0x0000700000fc39d0,  free space=1022k
Native frames: (J=compiled Java code, j=interpreted, Vv=VM code, C=native code)
V  [libjvm.dylib+0x44c594]  Method::checked_resolve_jmethod_id(_jmethodID*)+0xe
V  [libjvm.dylib+0x3580d2]  jvmti_IsMethodSynthetic+0xb2
C  [libjdwp.dylib+0x20780]  isMethodSynthetic+0x63
C  [libjdwp.dylib+0x51f3]  methods1+0x10b
C  [libjdwp.dylib+0x52ec]  methodsWithGeneric+0xe
C  [libjdwp.dylib+0xe898]  debugLoop_run+0x1ce
C  [libjdwp.dylib+0x1f6ba]  attachThread+0x4d
V  [libjvm.dylib+0x399438]  JvmtiAgentThread::call_start_function()+0x38
V  [libjvm.dylib+0x5695ab]  JavaThread::thread_main_inner()+0x9b
V  [libjvm.dylib+0x56ac98]  JavaThread::run()+0x1c2
V  [libjvm.dylib+0x48933a]  java_start(Thread*)+0xf6
C  [libsystem_pthread.dylib+0x399d]  _pthread_body+0x83
C  [libsystem_pthread.dylib+0x391a]  _pthread_body+0x0
C  [libsystem_pthread.dylib+0x1351]  thread_start+0xd
C  0x0000000000000000


---------------  P R O C E S S  ---------------

Java Threads: ( => current thread )
  0x00007faae703a000 JavaThread "Service Thread" daemon [_thread_blocked, id=22531, stack(0x00007000015d9000,0x00007000016d9000)]
  0x00007faae6013800 JavaThread "C1 CompilerThread3" daemon [_thread_blocked, id=22019, stack(0x00007000014d6000,0x00007000015d6000)]
  0x00007faae6012800 JavaThread "C2 CompilerThread2" daemon [_thread_blocked, id=21507, stack(0x00007000013d3000,0x00007000014d3000)]
  0x00007faae600f000 JavaThread "C2 CompilerThread1" daemon [_thread_blocked, id=20995, stack(0x00007000012d0000,0x00007000013d0000)]
  0x00007faae4816000 JavaThread "C2 CompilerThread0" daemon [_thread_blocked, id=20483, stack(0x00007000011cd000,0x00007000012cd000)]
  0x00007faae402b000 JavaThread "JDWP Command Reader" daemon [_thread_in_native, id=19971, stack(0x00007000010ca000,0x00007000011ca000)]
  0x00007faae402a000 JavaThread "JDWP Event Helper Thread" daemon [_thread_blocked, id=19459, stack(0x0000700000fc7000,0x00007000010c7000)]
=>0x00007faae4007000 JavaThread "JDWP Transport Listener: dt_socket" daemon [_thread_in_vm, id=18947, stack(0x0000700000ec4000,0x0000700000fc4000)]
  0x00007faae8011800 JavaThread "Signal Dispatcher" daemon [_thread_blocked, id=15887, stack(0x0000700000dc1000,0x0000700000ec1000)]
  0x00007faae4807800 JavaThread "Finalizer" daemon [_thread_blocked, id=14339, stack(0x0000700000c3b000,0x0000700000d3b000)]
  0x00007faae6000800 JavaThread "Reference Handler" daemon [_thread_blocked, id=13827, stack(0x0000700000b38000,0x0000700000c38000)]
  0x00007faae5003000 JavaThread "main" [_thread_blocked, id=5891, stack(0x000070000011a000,0x000070000021a000)]

Other Threads:
  0x00007faae4022000 VMThread [stack: 0x0000700000a35000,0x0000700000b35000] [id=13315]
  0x00007faae4034000 WatcherThread [stack: 0x00007000016dc000,0x00007000017dc000] [id=23043]

VM state:not at safepoint (normal execution)

VM Mutex/Monitor currently owned by a thread: None

Heap:
 PSYoungGen      total 31744K, used 1418K [0x000000076ab00000, 0x000000076cd00000, 0x00000007c0000000)
  eden space 31232K, 2% used [0x000000076ab00000,0x000000076abea3d0,0x000000076c980000)
  from space 512K, 94% used [0x000000076cc00000,0x000000076cc78588,0x000000076cc80000)
  to   space 512K, 0% used [0x000000076cc80000,0x000000076cc80000,0x000000076cd00000)
 ParOldGen       total 175104K, used 15288K [0x00000006c0000000, 0x00000006cab00000, 0x000000076ab00000)
  object space 175104K, 8% used [0x00000006c0000000,0x00000006c0eee0d8,0x00000006cab00000)
 Metaspace       used 8208K, capacity 8480K, committed 8832K, reserved 1056768K
  class space    used 952K, capacity 1032K, committed 1152K, reserved 1048576K

Card table byte_map: [0x00000001147dd000,0x0000000114fde000] byte_map_base: 0x00000001111dd000

Marking Bits: (ParMarkBitMap*) 0x0000000104cedd20
 Begin Bits: [0x0000000115534000, 0x0000000119534000)
 End Bits:   [0x0000000119534000, 0x000000011d534000)

Polling page: 0x00000001033df000

CodeCache: size=245760Kb used=5320Kb max_used=5332Kb free=240439Kb
 bounds [0x000000010541d000, 0x000000010596d000, 0x000000011441d000]
 total_blobs=1550 nmethods=1251 adapters=221
 compilation: enabled

Compilation events (10 events):
Event: 53.212 Thread 0x00007faae6013800 1251       3       java.lang.invoke.MethodTypeForm::canonicalizeAll (66 bytes)
Event: 53.212 Thread 0x00007faae6013800 nmethod 1251 0x00000001058b8990 code [0x00000001058b8b40, 0x00000001058b9198]
Event: 53.213 Thread 0x00007faae6013800 1250       3       java.lang.invoke.MethodType::checkRtype (6 bytes)
Event: 53.213 Thread 0x00007faae6013800 nmethod 1250 0x00000001058b8450 code [0x00000001058b85e0, 0x00000001058b8868]
Event: 53.216 Thread 0x00007faae6013800 1252       3       com.google.hashcode.App$$Lambda$33/1259652483::test (8 bytes)
Event: 53.216 Thread 0x00007faae6013800 nmethod 1252 0x00000001058f8210 code [0x00000001058f83a0, 0x00000001058f8788]
Event: 53.216 Thread 0x00007faae6013800 1253       3       com.google.hashcode.App::lambda$slicePizza$2 (19 bytes)
Event: 53.216 Thread 0x00007faae6013800 nmethod 1253 0x00000001058b7f90 code [0x00000001058b8100, 0x00000001058b8368]
Event: 53.216 Thread 0x00007faae6012800 1254       4       com.google.hashcode.App$$Lambda$33/1259652483::test (8 bytes)
Event: 53.217 Thread 0x00007faae6012800 nmethod 1254 0x00000001058f68d0 code [0x00000001058f6a40, 0x00000001058f6b78]

GC Heap History (10 events):
Event: 52.685 GC heap before
{Heap before GC invocations=263 (full 0):
 PSYoungGen      total 31744K, used 31424K [0x000000076ab00000, 0x000000076cd00000, 0x00000007c0000000)
  eden space 31232K, 100% used [0x000000076ab00000,0x000000076c980000,0x000000076c980000)
  from space 512K, 37% used [0x000000076cc80000,0x000000076ccb0000,0x000000076cd00000)
  to   space 512K, 0% used [0x000000076cc00000,0x000000076cc00000,0x000000076cc80000)
 ParOldGen       total 175104K, used 14736K [0x00000006c0000000, 0x00000006cab00000, 0x000000076ab00000)
  object space 175104K, 8% used [0x00000006c0000000,0x00000006c0e64208,0x00000006cab00000)
 Metaspace       used 8044K, capacity 8342K, committed 8576K, reserved 1056768K
  class space    used 935K, capacity 1029K, committed 1152K, reserved 1048576K
Event: 52.686 GC heap after
Heap after GC invocations=263 (full 0):
 PSYoungGen      total 31744K, used 192K [0x000000076ab00000, 0x000000076cd00000, 0x00000007c0000000)
  eden space 31232K, 0% used [0x000000076ab00000,0x000000076ab00000,0x000000076c980000)
  from space 512K, 37% used [0x000000076cc00000,0x000000076cc30000,0x000000076cc80000)
  to   space 512K, 0% used [0x000000076cc80000,0x000000076cc80000,0x000000076cd00000)
 ParOldGen       total 175104K, used 14768K [0x00000006c0000000, 0x00000006cab00000, 0x000000076ab00000)
  object space 175104K, 8% used [0x00000006c0000000,0x00000006c0e6c208,0x00000006cab00000)
 Metaspace       used 8044K, capacity 8342K, committed 8576K, reserved 1056768K
  class space    used 935K, capacity 1029K, committed 1152K, reserved 1048576K
}
Event: 52.810 GC heap before
{Heap before GC invocations=264 (full 0):
 PSYoungGen      total 31744K, used 31424K [0x000000076ab00000, 0x000000076cd00000, 0x00000007c0000000)
  eden space 31232K, 100% used [0x000000076ab00000,0x000000076c980000,0x000000076c980000)
  from space 512K, 37% used [0x000000076cc00000,0x000000076cc30000,0x000000076cc80000)
  to   space 512K, 0% used [0x000000076cc80000,0x000000076cc80000,0x000000076cd00000)
 ParOldGen       total 175104K, used 14768K [0x00000006c0000000, 0x00000006cab00000, 0x000000076ab00000)
  object space 175104K, 8% used [0x00000006c0000000,0x00000006c0e6c208,0x00000006cab00000)
 Metaspace       used 8044K, capacity 8342K, committed 8576K, reserved 1056768K
  class space    used 935K, capacity 1029K, committed 1152K, reserved 1048576K
Event: 52.811 GC heap after
Heap after GC invocations=264 (full 0):
 PSYoungGen      total 31744K, used 224K [0x000000076ab00000, 0x000000076cd00000, 0x00000007c0000000)
  eden space 31232K, 0% used [0x000000076ab00000,0x000000076ab00000,0x000000076c980000)
  from space 512K, 43% used [0x000000076cc80000,0x000000076ccb8000,0x000000076cd00000)
  to   space 512K, 0% used [0x000000076cc00000,0x000000076cc00000,0x000000076cc80000)
 ParOldGen       total 175104K, used 14808K [0x00000006c0000000, 0x00000006cab00000, 0x000000076ab00000)
  object space 175104K, 8% used [0x00000006c0000000,0x00000006c0e76208,0x00000006cab00000)
 Metaspace       used 8044K, capacity 8342K, committed 8576K, reserved 1056768K
  class space    used 935K, capacity 1029K, committed 1152K, reserved 1048576K
}
Event: 52.944 GC heap before
{Heap before GC invocations=265 (full 0):
 PSYoungGen      total 31744K, used 31456K [0x000000076ab00000, 0x000000076cd00000, 0x00000007c0000000)
  eden space 31232K, 100% used [0x000000076ab00000,0x000000076c980000,0x000000076c980000)
  from space 512K, 43% used [0x000000076cc80000,0x000000076ccb8000,0x000000076cd00000)
  to   space 512K, 0% used [0x000000076cc00000,0x000000076cc00000,0x000000076cc80000)
 ParOldGen       total 175104K, used 14808K [0x00000006c0000000, 0x00000006cab00000, 0x000000076ab00000)
  object space 175104K, 8% used [0x00000006c0000000,0x00000006c0e76208,0x00000006cab00000)
 Metaspace       used 8044K, capacity 8342K, committed 8576K, reserved 1056768K
  class space    used 935K, capacity 1029K, committed 1152K, reserved 1048576K
Event: 52.945 GC heap after
Heap after GC invocations=265 (full 0):
 PSYoungGen      total 31744K, used 224K [0x000000076ab00000, 0x000000076cd00000, 0x00000007c0000000)
  eden space 31232K, 0% used [0x000000076ab00000,0x000000076ab00000,0x000000076c980000)
  from space 512K, 43% used [0x000000076cc00000,0x000000076cc38000,0x000000076cc80000)
  to   space 512K, 0% used [0x000000076cc80000,0x000000076cc80000,0x000000076cd00000)
 ParOldGen       total 175104K, used 14848K [0x00000006c0000000, 0x00000006cab00000, 0x000000076ab00000)
  object space 175104K, 8% used [0x00000006c0000000,0x00000006c0e80208,0x00000006cab00000)
 Metaspace       used 8044K, capacity 8342K, committed 8576K, reserved 1056768K
  class space    used 935K, capacity 1029K, committed 1152K, reserved 1048576K
}
Event: 53.083 GC heap before
{Heap before GC invocations=266 (full 0):
 PSYoungGen      total 31744K, used 31456K [0x000000076ab00000, 0x000000076cd00000, 0x00000007c0000000)
  eden space 31232K, 100% used [0x000000076ab00000,0x000000076c980000,0x000000076c980000)
  from space 512K, 43% used [0x000000076cc00000,0x000000076cc38000,0x000000076cc80000)
  to   space 512K, 0% used [0x000000076cc80000,0x000000076cc80000,0x000000076cd00000)
 ParOldGen       total 175104K, used 14848K [0x00000006c0000000, 0x00000006cab00000, 0x000000076ab00000)
  object space 175104K, 8% used [0x00000006c0000000,0x00000006c0e80208,0x00000006cab00000)
 Metaspace       used 8044K, capacity 8342K, committed 8576K, reserved 1056768K
  class space    used 935K, capacity 1029K, committed 1152K, reserved 1048576K
Event: 53.084 GC heap after
Heap after GC invocations=266 (full 0):
 PSYoungGen      total 31744K, used 160K [0x000000076ab00000, 0x000000076cd00000, 0x00000007c0000000)
  eden space 31232K, 0% used [0x000000076ab00000,0x000000076ab00000,0x000000076c980000)
  from space 512K, 31% used [0x000000076cc80000,0x000000076cca8000,0x000000076cd00000)
  to   space 512K, 0% used [0x000000076cc00000,0x000000076cc00000,0x000000076cc80000)
 ParOldGen       total 175104K, used 14880K [0x00000006c0000000, 0x00000006cab00000, 0x000000076ab00000)
  object space 175104K, 8% used [0x00000006c0000000,0x00000006c0e88208,0x00000006cab00000)
 Metaspace       used 8044K, capacity 8342K, committed 8576K, reserved 1056768K
  class space    used 935K, capacity 1029K, committed 1152K, reserved 1048576K
}
Event: 92.803 GC heap before
{Heap before GC invocations=267 (full 0):
 PSYoungGen      total 31744K, used 31392K [0x000000076ab00000, 0x000000076cd00000, 0x00000007c0000000)
  eden space 31232K, 100% used [0x000000076ab00000,0x000000076c980000,0x000000076c980000)
  from space 512K, 31% used [0x000000076cc80000,0x000000076cca8000,0x000000076cd00000)
  to   space 512K, 0% used [0x000000076cc00000,0x000000076cc00000,0x000000076cc80000)
 ParOldGen       total 175104K, used 14880K [0x00000006c0000000, 0x00000006cab00000, 0x000000076ab00000)
  object space 175104K, 8% used [0x00000006c0000000,0x00000006c0e88208,0x00000006cab00000)
 Metaspace       used 8192K, capacity 8480K, committed 8832K, reserved 1056768K
  class space    used 952K, capacity 1032K, committed 1152K, reserved 1048576K
Event: 92.805 GC heap after
Heap after GC invocations=267 (full 0):
 PSYoungGen      total 31744K, used 481K [0x000000076ab00000, 0x000000076cd00000, 0x00000007c0000000)
  eden space 31232K, 0% used [0x000000076ab00000,0x000000076ab00000,0x000000076c980000)
  from space 512K, 94% used [0x000000076cc00000,0x000000076cc78588,0x000000076cc80000)
  to   space 512K, 0% used [0x000000076cc80000,0x000000076cc80000,0x000000076cd00000)
 ParOldGen       total 175104K, used 15288K [0x00000006c0000000, 0x00000006cab00000, 0x000000076ab00000)
  object space 175104K, 8% used [0x00000006c0000000,0x00000006c0eee0d8,0x00000006cab00000)
 Metaspace       used 8192K, capacity 8480K, committed 8832K, reserved 1056768K
  class space    used 952K, capacity 1032K, committed 1152K, reserved 1048576K
}

Deoptimization events (10 events):
Event: 3.943 Thread 0x00007faae5003000 Uncommon trap: reason=class_check action=maybe_recompile pc=0x0000000105693a30 method=java.util.Collection.stream()Ljava/util/stream/Stream; @ 1
Event: 3.943 Thread 0x00007faae5003000 Uncommon trap: reason=class_check action=maybe_recompile pc=0x000000010569903c method=java.util.stream.StreamOpFlag.fromCharacteristics(Ljava/util/Spliterator;)I @ 1
Event: 5.635 Thread 0x00007faae5003000 Uncommon trap: reason=speculate_class_check action=maybe_recompile pc=0x0000000105823910 method=java.util.ArrayList.<init>(Ljava/util/Collection;)V @ 36
Event: 5.636 Thread 0x00007faae5003000 Uncommon trap: reason=speculate_class_check action=maybe_recompile pc=0x0000000105823910 method=java.util.ArrayList.<init>(Ljava/util/Collection;)V @ 36
Event: 25.534 Thread 0x00007faae5003000 Uncommon trap: reason=unstable_if action=reinterpret pc=0x0000000105838640 method=java.util.HashMap.putVal(ILjava/lang/Object;Ljava/lang/Object;ZZ)Ljava/lang/Object; @ 162
Event: 32.815 Thread 0x00007faae5003000 Uncommon trap: reason=class_check action=maybe_recompile pc=0x00000001058ed0c8 method=java.util.HashMap.putVal(ILjava/lang/Object;Ljava/lang/Object;ZZ)Ljava/lang/Object; @ 91
Event: 32.820 Thread 0x00007faae5003000 Uncommon trap: reason=class_check action=maybe_recompile pc=0x00000001058ed0c8 method=java.util.HashMap.putVal(ILjava/lang/Object;Ljava/lang/Object;ZZ)Ljava/lang/Object; @ 91
Event: 33.870 Thread 0x00007faae5003000 Uncommon trap: reason=class_check action=maybe_recompile pc=0x00000001058ed0c8 method=java.util.HashMap.putVal(ILjava/lang/Object;Ljava/lang/Object;ZZ)Ljava/lang/Object; @ 91
Event: 42.841 Thread 0x00007faae5003000 Uncommon trap: reason=class_check action=maybe_recompile pc=0x00000001058ed0c8 method=java.util.HashMap.putVal(ILjava/lang/Object;Ljava/lang/Object;ZZ)Ljava/lang/Object; @ 91
Event: 53.211 Thread 0x00007faae5003000 Uncommon trap: reason=unstable_if action=reinterpret pc=0x00000001058c9b70 method=java.util.HashMap$HashIterator.<init>(Ljava/util/HashMap;)V @ 38

Internal exceptions (10 events):
Event: 0.152 Thread 0x00007faae5003000 Exception <a 'java/security/PrivilegedActionException'> (0x000000076abf9ac0) thrown at [/HUDSON3/workspace/8-2-build-macosx-x86_64/jdk8u101/7261/hotspot/src/share/vm/prims/jvm.cpp, line 1386]
Event: 0.205 Thread 0x00007faae5003000 Exception <a 'java/io/FileNotFoundException'> (0x000000076b002868) thrown at [/HUDSON3/workspace/8-2-build-macosx-x86_64/jdk8u101/7261/hotspot/src/share/vm/prims/jni.cpp, line 709]
Event: 0.559 Thread 0x00007faae5003000 Exception <a 'java/lang/NoSuchFieldError': method resolution failed> (0x000000076be85348) thrown at [/HUDSON3/workspace/8-2-build-macosx-x86_64/jdk8u101/7261/hotspot/src/share/vm/prims/methodHandles.cpp, line 1146]
Event: 0.561 Thread 0x00007faae5003000 Exception <a 'java/lang/NoSuchFieldError': method resolution failed> (0x000000076be92668) thrown at [/HUDSON3/workspace/8-2-build-macosx-x86_64/jdk8u101/7261/hotspot/src/share/vm/prims/methodHandles.cpp, line 1146]
Event: 0.596 Thread 0x00007faae5003000 Exception <a 'java/lang/NoSuchMethodError': org.slf4j.impl.StaticMDCBinder.getSingleton()Lorg/slf4j/impl/StaticMDCBinder;> (0x000000076bffd408) thrown at [/HUDSON3/workspace/8-2-build-macosx-x86_64/jdk8u101/7261/hotspot/src/share/vm/interpreter/linkResolv
Event: 3.810 Thread 0x00007faae5003000 Exception <a 'java/lang/NoSuchMethodError': java.lang.Object.lambda$comparingInt$7b0bb60$1(Ljava/util/function/ToIntFunction;Ljava/lang/Object;Ljava/lang/Object;)I> (0x000000076c6ccbd0) thrown at [/HUDSON3/workspace/8-2-build-macosx-x86_64/jdk8u101/7261/h
Event: 3.820 Thread 0x00007faae5003000 Exception <a 'java/lang/NoSuchMethodError': java.lang.Object.lambda$maxBy$1(Ljava/util/Comparator;Ljava/lang/Object;Ljava/lang/Object;)Ljava/lang/Object;> (0x000000076c6fbb00) thrown at [/HUDSON3/workspace/8-2-build-macosx-x86_64/jdk8u101/7261/hotspot/src
Event: 3.861 Thread 0x00007faae5003000 Exception <a 'java/lang/NoSuchMethodError': java.lang.Object.lambda$comparingLong$6043328a$1(Ljava/util/function/ToLongFunction;Ljava/lang/Object;Ljava/lang/Object;)I> (0x000000076c78e488) thrown at [/HUDSON3/workspace/8-2-build-macosx-x86_64/jdk8u101/726
Event: 3.862 Thread 0x00007faae5003000 Exception <a 'java/lang/NoSuchMethodError': java.lang.Object.lambda$minBy$0(Ljava/util/Comparator;Ljava/lang/Object;Ljava/lang/Object;)Ljava/lang/Object;> (0x000000076c792580) thrown at [/HUDSON3/workspace/8-2-build-macosx-x86_64/jdk8u101/7261/hotspot/src
Event: 53.211 Thread 0x00007faae5003000 Implicit null exception at 0x00000001058c98b0 to 0x00000001058c9b59

Events (10 events):
Event: 245.040 Executing VM operation: ChangeBreakpoints
Event: 245.040 Executing VM operation: ChangeBreakpoints done
Event: 245.040 Executing VM operation: ChangeBreakpoints
Event: 245.041 Executing VM operation: ChangeBreakpoints done
Event: 245.048 Executing VM operation: ChangeBreakpoints
Event: 245.049 Executing VM operation: ChangeBreakpoints done
Event: 245.463 Executing VM operation: ChangeBreakpoints
Event: 245.463 Executing VM operation: ChangeBreakpoints done
Event: 334.253 Executing VM operation: RedefineClasses
Event: 334.266 Executing VM operation: RedefineClasses done


Dynamic libraries:
0x0000000003df0000 	/System/Library/Frameworks/Cocoa.framework/Versions/A/Cocoa
0x0000000003df0000 	/System/Library/Frameworks/Security.framework/Versions/A/Security
0x0000000003df0000 	/System/Library/Frameworks/ApplicationServices.framework/Versions/A/ApplicationServices
0x0000000003df0000 	/usr/lib/libz.1.dylib
0x0000000003df0000 	/usr/lib/libSystem.B.dylib
0x0000000003df0000 	/usr/lib/libobjc.A.dylib
0x0000000003df0000 	/System/Library/Frameworks/CoreFoundation.framework/Versions/A/CoreFoundation
0x0000000003df0000 	/System/Library/Frameworks/Foundation.framework/Versions/C/Foundation
0x0000000003df0000 	/System/Library/Frameworks/AppKit.framework/Versions/C/AppKit
0x0000000003df0000 	/System/Library/Frameworks/CoreData.framework/Versions/A/CoreData
0x0000000003df0000 	/System/Library/PrivateFrameworks/RemoteViewServices.framework/Versions/A/RemoteViewServices
0x0000000003df0000 	/System/Library/PrivateFrameworks/UIFoundation.framework/Versions/A/UIFoundation
0x0000000003df0000 	/usr/lib/libScreenReader.dylib
0x0000000003df0000 	/System/Library/Frameworks/Accelerate.framework/Versions/A/Accelerate
0x0000000003df0000 	/System/Library/Frameworks/IOSurface.framework/Versions/A/IOSurface
0x0000000003df0000 	/System/Library/Frameworks/AudioToolbox.framework/Versions/A/AudioToolbox
0x0000000003df0000 	/System/Library/Frameworks/AudioUnit.framework/Versions/A/AudioUnit
0x0000000003df0000 	/System/Library/PrivateFrameworks/DataDetectorsCore.framework/Versions/A/DataDetectorsCore
0x0000000003df0000 	/System/Library/PrivateFrameworks/DesktopServicesPriv.framework/Versions/A/DesktopServicesPriv
0x0000000003df0000 	/System/Library/Frameworks/Carbon.framework/Versions/A/Frameworks/HIToolbox.framework/Versions/A/HIToolbox
0x0000000003df0000 	/System/Library/Frameworks/QuartzCore.framework/Versions/A/QuartzCore
0x0000000003df0000 	/System/Library/Frameworks/Carbon.framework/Versions/A/Frameworks/SpeechRecognition.framework/Versions/A/SpeechRecognition
0x0000000003df0000 	/usr/lib/libauto.dylib
0x0000000003df0000 	/usr/lib/libicucore.A.dylib
0x0000000003df0000 	/usr/lib/libxml2.2.dylib
0x0000000003df0000 	/System/Library/PrivateFrameworks/CoreUI.framework/Versions/A/CoreUI
0x0000000003df0000 	/System/Library/Frameworks/CoreAudio.framework/Versions/A/CoreAudio
0x0000000003df0000 	/System/Library/Frameworks/DiskArbitration.framework/Versions/A/DiskArbitration
0x0000000003df0000 	/usr/lib/liblangid.dylib
0x0000000003df0000 	/System/Library/PrivateFrameworks/MultitouchSupport.framework/Versions/A/MultitouchSupport
0x0000000003df0000 	/System/Library/Frameworks/IOKit.framework/Versions/A/IOKit
0x0000000003df0000 	/usr/lib/libDiagnosticMessagesClient.dylib
0x0000000003df0000 	/System/Library/Frameworks/CoreServices.framework/Versions/A/CoreServices
0x0000000003df0000 	/System/Library/PrivateFrameworks/PerformanceAnalysis.framework/Versions/A/PerformanceAnalysis
0x0000000003df0000 	/System/Library/PrivateFrameworks/GenerationalStorage.framework/Versions/A/GenerationalStorage
0x0000000003df0000 	/System/Library/Frameworks/OpenGL.framework/Versions/A/OpenGL
0x0000000003df0000 	/System/Library/PrivateFrameworks/Sharing.framework/Versions/A/Sharing
0x0000000003df0000 	/System/Library/Frameworks/CoreGraphics.framework/Versions/A/CoreGraphics
0x0000000003df0000 	/System/Library/Frameworks/CoreImage.framework/Versions/A/CoreImage
0x0000000003df0000 	/System/Library/Frameworks/CoreText.framework/Versions/A/CoreText
0x0000000003df0000 	/System/Library/Frameworks/ImageIO.framework/Versions/A/ImageIO
0x0000000003df0000 	/System/Library/PrivateFrameworks/Backup.framework/Versions/A/Backup
0x0000000003df0000 	/usr/lib/libextension.dylib
0x0000000003df0000 	/usr/lib/libarchive.2.dylib
0x0000000003df0000 	/System/Library/Frameworks/CFNetwork.framework/Versions/A/CFNetwork
0x0000000003df0000 	/System/Library/Frameworks/SystemConfiguration.framework/Versions/A/SystemConfiguration
0x0000000003df0000 	/usr/lib/libCRFSuite.dylib
0x0000000003df0000 	/usr/lib/libc++.1.dylib
0x0000000003df0000 	/usr/lib/libc++abi.dylib
0x0000000003df0000 	/usr/lib/system/libcache.dylib
0x0000000003df0000 	/usr/lib/system/libcommonCrypto.dylib
0x0000000003df0000 	/usr/lib/system/libcompiler_rt.dylib
0x0000000003df0000 	/usr/lib/system/libcopyfile.dylib
0x0000000003df0000 	/usr/lib/system/libcorecrypto.dylib
0x0000000003df0000 	/usr/lib/system/libdispatch.dylib
0x0000000003df0000 	/usr/lib/system/libdyld.dylib
0x0000000003df0000 	/usr/lib/system/libkeymgr.dylib
0x0000000003df0000 	/usr/lib/system/liblaunch.dylib
0x0000000003df0000 	/usr/lib/system/libmacho.dylib
0x0000000003df0000 	/usr/lib/system/libquarantine.dylib
0x0000000003df0000 	/usr/lib/system/libremovefile.dylib
0x0000000003df0000 	/usr/lib/system/libsystem_asl.dylib
0x0000000003df0000 	/usr/lib/system/libsystem_blocks.dylib
0x0000000003df0000 	/usr/lib/system/libsystem_c.dylib
0x0000000003df0000 	/usr/lib/system/libsystem_configuration.dylib
0x0000000003df0000 	/usr/lib/system/libsystem_coreservices.dylib
0x0000000003df0000 	/usr/lib/system/libsystem_coretls.dylib
0x0000000003df0000 	/usr/lib/system/libsystem_dnssd.dylib
0x0000000003df0000 	/usr/lib/system/libsystem_info.dylib
0x0000000003df0000 	/usr/lib/system/libsystem_kernel.dylib
0x0000000003df0000 	/usr/lib/system/libsystem_m.dylib
0x0000000003df0000 	/usr/lib/system/libsystem_malloc.dylib
0x0000000003df0000 	/usr/lib/system/libsystem_network.dylib
0x0000000003df0000 	/usr/lib/system/libsystem_networkextension.dylib
0x0000000003df0000 	/usr/lib/system/libsystem_notify.dylib
0x0000000003df0000 	/usr/lib/system/libsystem_platform.dylib
0x0000000003df0000 	/usr/lib/system/libsystem_pthread.dylib
0x0000000003df0000 	/usr/lib/system/libsystem_sandbox.dylib
0x0000000003df0000 	/usr/lib/system/libsystem_secinit.dylib
0x0000000003df0000 	/usr/lib/system/libsystem_trace.dylib
0x0000000003df0000 	/usr/lib/system/libunc.dylib
0x0000000003df0000 	/usr/lib/system/libunwind.dylib
0x0000000003df0000 	/usr/lib/system/libxpc.dylib
0x0000000003df0000 	/usr/lib/libenergytrace.dylib
0x0000000003df0000 	/usr/lib/libbsm.0.dylib
0x0000000003df0000 	/usr/lib/system/libkxld.dylib
0x0000000003df0000 	/usr/lib/libxar.1.dylib
0x0000000003df0000 	/usr/lib/libsqlite3.dylib
0x0000000003df0000 	/usr/lib/libpam.2.dylib
0x0000000003df0000 	/usr/lib/libOpenScriptingUtil.dylib
0x0000000003df0000 	/usr/lib/libbz2.1.0.dylib
0x0000000003df0000 	/usr/lib/liblzma.5.dylib
0x0000000003df0000 	/System/Library/Frameworks/CoreServices.framework/Versions/A/Frameworks/FSEvents.framework/Versions/A/FSEvents
0x0000000003df0000 	/System/Library/Frameworks/CoreServices.framework/Versions/A/Frameworks/CarbonCore.framework/Versions/A/CarbonCore
0x0000000003df0000 	/System/Library/Frameworks/CoreServices.framework/Versions/A/Frameworks/Metadata.framework/Versions/A/Metadata
0x0000000003df0000 	/System/Library/Frameworks/CoreServices.framework/Versions/A/Frameworks/OSServices.framework/Versions/A/OSServices
0x0000000003df0000 	/System/Library/Frameworks/CoreServices.framework/Versions/A/Frameworks/SearchKit.framework/Versions/A/SearchKit
0x0000000003df0000 	/System/Library/Frameworks/CoreServices.framework/Versions/A/Frameworks/AE.framework/Versions/A/AE
0x0000000003df0000 	/System/Library/Frameworks/CoreServices.framework/Versions/A/Frameworks/LaunchServices.framework/Versions/A/LaunchServices
0x0000000003df0000 	/System/Library/Frameworks/CoreServices.framework/Versions/A/Frameworks/DictionaryServices.framework/Versions/A/DictionaryServices
0x0000000003df0000 	/System/Library/Frameworks/CoreServices.framework/Versions/A/Frameworks/SharedFileList.framework/Versions/A/SharedFileList
0x0000000003df0000 	/System/Library/Frameworks/NetFS.framework/Versions/A/NetFS
0x0000000003df0000 	/System/Library/PrivateFrameworks/NetAuth.framework/Versions/A/NetAuth
0x0000000003df0000 	/System/Library/PrivateFrameworks/login.framework/Versions/A/Frameworks/loginsupport.framework/Versions/A/loginsupport
0x0000000003df0000 	/System/Library/PrivateFrameworks/TCC.framework/Versions/A/TCC
0x0000000003df0000 	/usr/lib/libmecabra.dylib
0x0000000003df0000 	/System/Library/Frameworks/ApplicationServices.framework/Versions/A/Frameworks/ATS.framework/Versions/A/ATS
0x0000000003df0000 	/System/Library/Frameworks/ApplicationServices.framework/Versions/A/Frameworks/ColorSync.framework/Versions/A/ColorSync
0x0000000003df0000 	/System/Library/Frameworks/ApplicationServices.framework/Versions/A/Frameworks/HIServices.framework/Versions/A/HIServices
0x0000000003df0000 	/System/Library/Frameworks/ApplicationServices.framework/Versions/A/Frameworks/LangAnalysis.framework/Versions/A/LangAnalysis
0x0000000003df0000 	/System/Library/Frameworks/ApplicationServices.framework/Versions/A/Frameworks/PrintCore.framework/Versions/A/PrintCore
0x0000000003df0000 	/System/Library/Frameworks/ApplicationServices.framework/Versions/A/Frameworks/QD.framework/Versions/A/QD
0x0000000003df0000 	/System/Library/Frameworks/ApplicationServices.framework/Versions/A/Frameworks/SpeechSynthesis.framework/Versions/A/SpeechSynthesis
0x0000000003df0000 	/System/Library/Frameworks/Metal.framework/Versions/A/Metal
0x0000000003df0000 	/System/Library/Frameworks/Accelerate.framework/Versions/A/Frameworks/vImage.framework/Versions/A/vImage
0x0000000003df0000 	/System/Library/Frameworks/Accelerate.framework/Versions/A/Frameworks/vecLib.framework/Versions/A/vecLib
0x0000000003df0000 	/System/Library/Frameworks/Accelerate.framework/Versions/A/Frameworks/vecLib.framework/Versions/A/libvDSP.dylib
0x0000000003df0000 	/System/Library/Frameworks/Accelerate.framework/Versions/A/Frameworks/vecLib.framework/Versions/A/libvMisc.dylib
0x0000000003df0000 	/System/Library/Frameworks/Accelerate.framework/Versions/A/Frameworks/vecLib.framework/Versions/A/libLAPACK.dylib
0x0000000003df0000 	/System/Library/Frameworks/Accelerate.framework/Versions/A/Frameworks/vecLib.framework/Versions/A/libBLAS.dylib
0x0000000003df0000 	/System/Library/Frameworks/Accelerate.framework/Versions/A/Frameworks/vecLib.framework/Versions/A/libLinearAlgebra.dylib
0x0000000003df0000 	/System/Library/Frameworks/Accelerate.framework/Versions/A/Frameworks/vecLib.framework/Versions/A/libSparseBLAS.dylib
0x0000000003df0000 	/System/Library/PrivateFrameworks/GPUCompiler.framework/libmetal_timestamp.dylib
0x0000000003df0000 	/System/Library/Frameworks/OpenGL.framework/Versions/A/Libraries/libCoreFSCache.dylib
0x0000000003df0000 	/System/Library/PrivateFrameworks/IOAccelerator.framework/Versions/A/IOAccelerator
0x0000000003df0000 	/System/Library/Frameworks/ApplicationServices.framework/Versions/A/Frameworks/ATS.framework/Versions/A/Resources/libFontParser.dylib
0x0000000003df0000 	/System/Library/Frameworks/ApplicationServices.framework/Versions/A/Frameworks/ATS.framework/Versions/A/Resources/libFontRegistry.dylib
0x0000000003df0000 	/System/Library/PrivateFrameworks/AppleVPA.framework/Versions/A/AppleVPA
0x0000000003df0000 	/System/Library/PrivateFrameworks/AppleJPEG.framework/Versions/A/AppleJPEG
0x0000000003df0000 	/System/Library/Frameworks/ImageIO.framework/Versions/A/Resources/libJPEG.dylib
0x0000000003df0000 	/System/Library/Frameworks/ImageIO.framework/Versions/A/Resources/libTIFF.dylib
0x0000000003df0000 	/System/Library/Frameworks/ImageIO.framework/Versions/A/Resources/libPng.dylib
0x0000000003df0000 	/System/Library/Frameworks/ImageIO.framework/Versions/A/Resources/libGIF.dylib
0x0000000003df0000 	/System/Library/Frameworks/ImageIO.framework/Versions/A/Resources/libJP2.dylib
0x0000000003df0000 	/System/Library/Frameworks/ImageIO.framework/Versions/A/Resources/libRadiance.dylib
0x0000000003df0000 	/System/Library/Frameworks/CoreVideo.framework/Versions/A/CoreVideo
0x0000000003df0000 	/System/Library/Frameworks/OpenGL.framework/Versions/A/Libraries/libGLU.dylib
0x0000000003df0000 	/System/Library/Frameworks/OpenGL.framework/Versions/A/Libraries/libGFXShared.dylib
0x0000000003df0000 	/System/Library/Frameworks/OpenGL.framework/Versions/A/Libraries/libGL.dylib
0x0000000003df0000 	/System/Library/Frameworks/OpenGL.framework/Versions/A/Libraries/libGLImage.dylib
0x0000000003df0000 	/System/Library/Frameworks/OpenGL.framework/Versions/A/Libraries/libCVMSPluginSupport.dylib
0x0000000003df0000 	/System/Library/Frameworks/OpenGL.framework/Versions/A/Libraries/libCoreVMClient.dylib
0x0000000003df0000 	/usr/lib/libcompression.dylib
0x0000000003df0000 	/usr/lib/libcups.2.dylib
0x0000000003df0000 	/System/Library/Frameworks/Kerberos.framework/Versions/A/Kerberos
0x0000000003df0000 	/System/Library/Frameworks/GSS.framework/Versions/A/GSS
0x0000000003df0000 	/usr/lib/libresolv.9.dylib
0x0000000003df0000 	/usr/lib/libiconv.2.dylib
0x0000000003df0000 	/System/Library/PrivateFrameworks/Heimdal.framework/Versions/A/Heimdal
0x0000000003df0000 	/usr/lib/libheimdal-asn1.dylib
0x0000000003df0000 	/System/Library/Frameworks/OpenDirectory.framework/Versions/A/OpenDirectory
0x0000000003df0000 	/System/Library/PrivateFrameworks/CommonAuth.framework/Versions/A/CommonAuth
0x0000000003df0000 	/System/Library/Frameworks/OpenDirectory.framework/Versions/A/Frameworks/CFOpenDirectory.framework/Versions/A/CFOpenDirectory
0x0000000003df0000 	/System/Library/Frameworks/SecurityFoundation.framework/Versions/A/SecurityFoundation
0x0000000003df0000 	/System/Library/PrivateFrameworks/LanguageModeling.framework/Versions/A/LanguageModeling
0x0000000003df0000 	/usr/lib/libmarisa.dylib
0x0000000003df0000 	/usr/lib/libChineseTokenizer.dylib
0x0000000003df0000 	/usr/lib/libcmph.dylib
0x0000000003df0000 	/System/Library/Frameworks/ServiceManagement.framework/Versions/A/ServiceManagement
0x0000000003df0000 	/usr/lib/libxslt.1.dylib
0x0000000003df0000 	/System/Library/Frameworks/Carbon.framework/Versions/A/Frameworks/Ink.framework/Versions/A/Ink
0x0000000003df0000 	/usr/lib/libFosl_dynamic.dylib
0x0000000003df0000 	/System/Library/PrivateFrameworks/FaceCore.framework/Versions/A/FaceCore
0x0000000003df0000 	/System/Library/Frameworks/OpenCL.framework/Versions/A/OpenCL
0x0000000003df0000 	/System/Library/PrivateFrameworks/CrashReporterSupport.framework/Versions/A/CrashReporterSupport
0x0000000003df0000 	/System/Library/PrivateFrameworks/IconServices.framework/Versions/A/IconServices
0x0000000003df0000 	/System/Library/PrivateFrameworks/Apple80211.framework/Versions/A/Apple80211
0x0000000003df0000 	/System/Library/Frameworks/CoreWLAN.framework/Versions/A/CoreWLAN
0x0000000003df0000 	/System/Library/Frameworks/IOBluetooth.framework/Versions/A/IOBluetooth
0x0000000003df0000 	/System/Library/PrivateFrameworks/CoreWiFi.framework/Versions/A/CoreWiFi
0x0000000003df0000 	/System/Library/Frameworks/CoreBluetooth.framework/Versions/A/CoreBluetooth
0x0000000003df0000 	/System/Library/PrivateFrameworks/ChunkingLibrary.framework/Versions/A/ChunkingLibrary
0x0000000003df0000 	/System/Library/PrivateFrameworks/DebugSymbols.framework/Versions/A/DebugSymbols
0x0000000003df0000 	/System/Library/PrivateFrameworks/CoreSymbolication.framework/Versions/A/CoreSymbolication
0x0000000003df0000 	/System/Library/PrivateFrameworks/Symbolication.framework/Versions/A/Symbolication
0x0000000003df0000 	/System/Library/PrivateFrameworks/SpeechRecognitionCore.framework/Versions/A/SpeechRecognitionCore
0x0000000104400000 	/Library/Java/JavaVirtualMachines/jdk1.8.0_101.jdk/Contents/Home/jre/lib/server/libjvm.dylib
0x0000000003df0000 	/usr/lib/libstdc++.6.dylib
0x00000001033d1000 	/Library/Java/JavaVirtualMachines/jdk1.8.0_101.jdk/Contents/Home/jre/lib/libverify.dylib
0x000000010539d000 	/Library/Java/JavaVirtualMachines/jdk1.8.0_101.jdk/Contents/Home/jre/lib/libjava.dylib
0x00000001053d2000 	/Library/Java/JavaVirtualMachines/jdk1.8.0_101.jdk/Contents/Home/jre/lib/libjdwp.dylib
0x00000001033e0000 	/Library/Java/JavaVirtualMachines/jdk1.8.0_101.jdk/Contents/Home/jre/lib/libnpt.dylib
0x00000001033ed000 	/Library/Java/JavaVirtualMachines/jdk1.8.0_101.jdk/Contents/Home/jre/lib/libzip.dylib
0x00000001204d3000 	/System/Library/Frameworks/JavaVM.framework/Frameworks/JavaRuntimeSupport.framework/JavaRuntimeSupport
0x00000001204ee000 	/System/Library/Frameworks/JavaVM.framework/Versions/A/Frameworks/JavaNativeFoundation.framework/Versions/A/JavaNativeFoundation
0x0000000120503000 	/System/Library/Frameworks/JavaVM.framework/Versions/A/JavaVM
0x0000000003df0000 	/System/Library/Frameworks/Carbon.framework/Versions/A/Carbon
0x0000000120510000 	/System/Library/PrivateFrameworks/JavaLaunching.framework/Versions/A/JavaLaunching
0x0000000003df0000 	/System/Library/Frameworks/Carbon.framework/Versions/A/Frameworks/CommonPanels.framework/Versions/A/CommonPanels
0x0000000003df0000 	/System/Library/Frameworks/Carbon.framework/Versions/A/Frameworks/Help.framework/Versions/A/Help
0x0000000003df0000 	/System/Library/Frameworks/Carbon.framework/Versions/A/Frameworks/ImageCapture.framework/Versions/A/ImageCapture
0x0000000003df0000 	/System/Library/Frameworks/Carbon.framework/Versions/A/Frameworks/OpenScripting.framework/Versions/A/OpenScripting
0x0000000003df0000 	/System/Library/Frameworks/Carbon.framework/Versions/A/Frameworks/Print.framework/Versions/A/Print
0x0000000003df0000 	/System/Library/Frameworks/Carbon.framework/Versions/A/Frameworks/SecurityHI.framework/Versions/A/SecurityHI
0x0000000121e2f000 	/Library/Java/JavaVirtualMachines/jdk1.8.0_101.jdk/Contents/Home/jre/lib/libdt_socket.dylib
0x000000012204b000 	/Library/Java/JavaVirtualMachines/jdk1.8.0_101.jdk/Contents/Home/jre/lib/libnet.dylib

VM Arguments:
jvm_args: -agentlib:jdwp=transport=dt_socket,address=127.0.0.1:56540,suspend=y,server=n -Dfile.encoding=UTF-8 
java_command: com.google.hashcode.App
java_class_path (initial): /Library/Java/JavaVirtualMachines/jdk1.8.0_101.jdk/Contents/Home/jre/lib/charsets.jar:/Library/Java/JavaVirtualMachines/jdk1.8.0_101.jdk/Contents/Home/jre/lib/deploy.jar:/Library/Java/JavaVirtualMachines/jdk1.8.0_101.jdk/Contents/Home/jre/lib/ext/cldrdata.jar:/Library/Java/JavaVirtualMachines/jdk1.8.0_101.jdk/Contents/Home/jre/lib/ext/dnsns.jar:/Library/Java/JavaVirtualMachines/jdk1.8.0_101.jdk/Contents/Home/jre/lib/ext/jaccess.jar:/Library/Java/JavaVirtualMachines/jdk1.8.0_101.jdk/Contents/Home/jre/lib/ext/jfxrt.jar:/Library/Java/JavaVirtualMachines/jdk1.8.0_101.jdk/Contents/Home/jre/lib/ext/localedata.jar:/Library/Java/JavaVirtualMachines/jdk1.8.0_101.jdk/Contents/Home/jre/lib/ext/nashorn.jar:/Library/Java/JavaVirtualMachines/jdk1.8.0_101.jdk/Contents/Home/jre/lib/ext/sunec.jar:/Library/Java/JavaVirtualMachines/jdk1.8.0_101.jdk/Contents/Home/jre/lib/ext/sunjce_provider.jar:/Library/Java/JavaVirtualMachines/jdk1.8.0_101.jdk/Contents/Home/jre/lib/ext/sunpkcs11.jar:/Library/Java/JavaVirtualMachines/jdk1.8.0_101.jdk/Contents/Home/jre/lib/ext/zipfs.jar:/Library/Java/JavaVirtualMachines/jdk1.8.0_101.jdk/Contents/Home/jre/lib/javaws.jar:/Library/Java/JavaVirtualMachines/jdk1.8.0_101.jdk/Contents/Home/jre/lib/jce.jar:/Library/Java/JavaVirtualMachines/jdk1.8.0_101.jdk/Contents/Home/jre/lib/jfr.jar:/Library/Java/JavaVirtualMachines/jdk1.8.0_101.jdk/Contents/Home/jre/lib/jfxswt.jar:/Library/Java/JavaVirtualMachines/jdk1.8.0_101.jdk/Contents/Home/jre/lib/jsse.jar:/Library/Java/JavaVirtualMachines/jdk1.8.0_101.jdk/Contents/Home/jre/lib/management-agent.jar:/Library/Java/JavaVirtualMachines/jdk1.8.0_101.jdk/Contents/Home/jre/lib/plugin.jar:/Library/Java/JavaVirtualMachines/jdk1.8.0_101.jdk/Contents/Home/jre/lib/resources.jar:/Library/Java/JavaVirtualMachines/jdk1.8.0_101.jdk/Contents/Home/jre/lib/rt.jar:/Library/Java/JavaVirtualMachines/jdk1.8.0_101.jdk/Contents/Home/lib/ant-javafx.jar:/Library/Java/JavaVirtualMachines/jdk1.8.0_101.jdk/Contents/Home
Launcher Type: SUN_STANDARD

Environment Variables:
JAVA_HOME=/Library/Java/JavaVirtualMachines/jdk1.8.0_101.jdk/Contents/Home
PATH=/usr/local/bin:/usr/bin:/bin:/usr/sbin:/sbin:/Users/greg/Documents/WebDriver:/Users/greg/go/bin
SHELL=/bin/bash

Signal Handlers:
SIGSEGV: [libjvm.dylib+0x5af145], sa_mask[0]=11111111011111110111111111111111, sa_flags=SA_ONSTACK|SA_RESTART|SA_SIGINFO
SIGBUS: [libjvm.dylib+0x5af145], sa_mask[0]=11111111011111110111111111111111, sa_flags=SA_RESTART|SA_SIGINFO
SIGFPE: [libjvm.dylib+0x48694c], sa_mask[0]=11111111011111110111111111111111, sa_flags=SA_RESTART|SA_SIGINFO
SIGPIPE: [libjvm.dylib+0x48694c], sa_mask[0]=11111111011111110111111111111111, sa_flags=SA_RESTART|SA_SIGINFO
SIGXFSZ: [libjvm.dylib+0x48694c], sa_mask[0]=11111111011111110111111111111111, sa_flags=SA_RESTART|SA_SIGINFO
SIGILL: [libjvm.dylib+0x48694c], sa_mask[0]=11111111011111110111111111111111, sa_flags=SA_RESTART|SA_SIGINFO
SIGUSR1: SIG_DFL, sa_mask[0]=00000000000000000000000000000000, sa_flags=none
SIGUSR2: [libjvm.dylib+0x48646a], sa_mask[0]=00100000000000000000000000000000, sa_flags=SA_RESTART|SA_SIGINFO
SIGHUP: [libjvm.dylib+0x484a41], sa_mask[0]=11111111011111110111111111111111, sa_flags=SA_RESTART|SA_SIGINFO
SIGINT: [libjvm.dylib+0x484a41], sa_mask[0]=11111111011111110111111111111111, sa_flags=SA_RESTART|SA_SIGINFO
SIGTERM: [libjvm.dylib+0x484a41], sa_mask[0]=11111111011111110111111111111111, sa_flags=SA_RESTART|SA_SIGINFO
SIGQUIT: [libjvm.dylib+0x484a41], sa_mask[0]=11111111011111110111111111111111, sa_flags=SA_RESTART|SA_SIGINFO


---------------  S Y S T E M  ---------------

OS:Bsduname:Darwin 15.6.0 Darwin Kernel Version 15.6.0: Mon Aug 29 20:21:34 PDT 2016; root:xnu-3248.60.11~1/RELEASE_X86_64 x86_64
rlimit: STACK 8192k, CORE 0k, NPROC 709, NOFILE 10240, AS infinity
load average:2.95 2.95 2.94

CPU:total 8 (4 cores per cpu, 2 threads per core) family 6 model 70 stepping 1, cmov, cx8, fxsr, mmx, sse, sse2, sse3, ssse3, sse4.1, sse4.2, popcnt, avx, avx2, aes, clmul, erms, lzcnt, ht, tsc, tscinvbit, bmi1, bmi2

Memory: 4k page, physical 16777216k(304428k free)

/proc/meminfo:


vm_info: Java HotSpot(TM) 64-Bit Server VM (25.101-b13) for bsd-amd64 JRE (1.8.0_101-b13), built on Jun 22 2016 02:42:15 by "java_re" with gcc 4.2.1 (Based on Apple Inc. build 5658) (LLVM build 2336.11.00)

time: Sat Feb  4 21:11:36 2017
elapsed time: 334 seconds (0d 0h 5m 34s)

